0 verbose cli /opt/plesk/node/21/bin/node /opt/plesk/node/21/bin/npm
1 info using npm@10.5.0
2 info using node@v21.7.3
3 timing npm:load:whichnode Completed in 1ms
4 timing config:load:defaults Completed in 1ms
5 timing config:load:file:/opt/plesk/node/21/lib/node_modules/npm/npmrc Completed in 1ms
6 timing config:load:builtin Completed in 1ms
7 timing config:load:cli Completed in 2ms
8 timing config:load:env Completed in 0ms
9 timing config:load:project Completed in 2ms
10 timing config:load:file:/var/www/vhosts/mercadoboom.com/.npmrc Completed in 1ms
11 timing config:load:user Completed in 1ms
12 timing config:load:file:/opt/plesk/node/21/etc/npmrc Completed in 0ms
13 timing config:load:global Completed in 0ms
14 timing config:load:setEnvs Completed in 1ms
15 timing config:load Completed in 8ms
16 timing npm:load:configload Completed in 8ms
17 timing config:load:flatten Completed in 2ms
18 timing npm:load:mkdirpcache Completed in 0ms
19 timing npm:load:mkdirplogs Completed in 0ms
20 verbose title npm install
21 verbose argv "install"
22 timing npm:load:setTitle Completed in 1ms
23 timing npm:load:display Completed in 0ms
24 verbose logfile logs-max:10 dir:/var/www/vhosts/mercadoboom.com/.npm/_logs/2025-08-17T20_45_32_016Z-
25 verbose logfile /var/www/vhosts/mercadoboom.com/.npm/_logs/2025-08-17T20_45_32_016Z-debug-0.log
26 timing npm:load:logFile Completed in 7ms
27 timing npm:load:timers Completed in 0ms
28 timing npm:load:configScope Completed in 0ms
29 timing npm:load Completed in 31ms
30 timing config:load:flatten Completed in 0ms
31 timing arborist:ctor Completed in 1ms
32 silly logfile done cleaning log files
33 timing arborist:ctor Completed in 0ms
34 timing idealTree:init Completed in 8ms
35 timing idealTree:userRequests Completed in 0ms
36 silly idealTree buildDeps
37 timing idealTree:#root Completed in 0ms
38 timing idealTree:buildDeps Completed in 1ms
39 timing idealTree:fixDepFlags Completed in 0ms
40 timing idealTree Completed in 10ms
41 timing reify:loadTrees Completed in 11ms
42 timing reify:diffTrees Completed in 1ms
43 silly reify moves {}
44 timing reify:retireShallow Completed in 2ms
45 timing reify:createSparse Completed in 0ms
46 timing reify:loadBundles Completed in 0ms
47 timing reify:unpack Completed in 0ms
48 timing reify:unretire Completed in 0ms
49 timing build:queue Completed in 0ms
50 timing build:deps Completed in 0ms
51 timing build Completed in 0ms
52 timing reify:build Completed in 1ms
53 timing reify:trash Completed in 0ms
54 timing reify:save Completed in 1ms
55 timing reify Completed in 67ms
56 timing command:install Completed in 69ms
57 verbose stack Error: Could not read package.json: Error: ENOENT: no such file or directory, open '/var/www/vhosts/mercadoboom.com/package.json'
57 verbose stack     at async open (node:internal/fs/promises:637:25)
57 verbose stack     at async readFile (node:internal/fs/promises:1246:14)
57 verbose stack     at async PackageJson.load (/opt/plesk/node/21/lib/node_modules/npm/node_modules/@npmcli/package-json/lib/index.js:129:31)
57 verbose stack     at async PackageJson.normalize (/opt/plesk/node/21/lib/node_modules/npm/node_modules/@npmcli/package-json/lib/index.js:115:5)
57 verbose stack     at async runScript (/opt/plesk/node/21/lib/node_modules/npm/node_modules/@npmcli/run-script/lib/run-script.js:11:28)
57 verbose stack     at async Install.exec (/opt/plesk/node/21/lib/node_modules/npm/lib/commands/install.js:166:9)
57 verbose stack     at async module.exports (/opt/plesk/node/21/lib/node_modules/npm/lib/cli-entry.js:61:5)
58 verbose cwd /var/www/vhosts/mercadoboom.com
59 verbose Linux 5.15.0-144-generic
60 verbose node v21.7.3
61 verbose npm  v10.5.0
62 error code ENOENT
63 error syscall open
64 error path /var/www/vhosts/mercadoboom.com/package.json
65 error errno -2
66 error enoent Could not read package.json: Error: ENOENT: no such file or directory, open '/var/www/vhosts/mercadoboom.com/package.json'
67 error enoent This is related to npm not being able to find a file.
67 error enoent
68 verbose exit -2
69 timing npm Completed in 337ms
70 verbose code -2
71 error A complete log of this run can be found in: /var/www/vhosts/mercadoboom.com/.npm/_logs/2025-08-17T20_45_32_016Z-debug-0.log
